2018-03-08 16:24:31,217 - [INFO] - from play in pool-7-thread-8 
Listening for HTTP on /0:0:0:0:0:0:0:0:9000

2018-03-08 16:24:37,550 - [INFO] - from play in play-internal-execution-context-1 
database [default] connected at jdbc:postgresql://localhost:5432/gt4w

2018-03-08 16:24:39,057 - [INFO] - from play in play-internal-execution-context-1 
Application started (Dev)

2018-03-08 16:25:37,304 - [INFO] - from application in play-akka.actor.default-dispatcher-4 
Peso

2018-03-08 16:25:37,316 - [INFO] - from application in play-akka.actor.default-dispatcher-4 
-76

2018-03-08 16:25:37,317 - [INFO] - from application in play-akka.actor.default-dispatcher-4 
-76

2018-03-08 16:27:20,454 - [INFO] - from play in play-internal-execution-context-1 
database [default] connected at jdbc:postgresql://localhost:5432/gt4w

2018-03-08 16:27:20,979 - [INFO] - from play in play-internal-execution-context-1 
Application started (Dev)

2018-03-08 16:27:46,202 - [INFO] - from application in play-akka.actor.default-dispatcher-15 
Peso

2018-03-08 16:27:46,203 - [INFO] - from application in play-akka.actor.default-dispatcher-15 
-5

2018-03-08 16:27:46,204 - [INFO] - from application in play-akka.actor.default-dispatcher-15 
-5

2018-03-08 16:28:06,681 - [INFO] - from play in play-internal-execution-context-1 
database [default] connected at jdbc:postgresql://localhost:5432/gt4w

2018-03-08 16:28:06,847 - [INFO] - from play in play-internal-execution-context-1 
Application started (Dev)

2018-03-08 16:28:22,314 - [INFO] - from application in play-akka.actor.default-dispatcher-11 
Peso

2018-03-08 16:28:22,316 - [INFO] - from application in play-akka.actor.default-dispatcher-11 
-1

2018-03-08 16:28:22,316 - [INFO] - from application in play-akka.actor.default-dispatcher-11 
-1

2018-03-08 16:28:22,316 - [INFO] - from application in play-akka.actor.default-dispatcher-11 
Passei aki

2018-03-08 16:29:57,783 - [INFO] - from play in play-internal-execution-context-1 
database [default] connected at jdbc:postgresql://localhost:5432/gt4w

2018-03-08 16:29:57,924 - [INFO] - from play in play-internal-execution-context-1 
Application started (Dev)

2018-03-08 16:29:57,964 - [INFO] - from application in play-akka.actor.default-dispatcher-18 
Peso

2018-03-08 16:29:57,966 - [INFO] - from application in play-akka.actor.default-dispatcher-18 
-45

2018-03-08 16:29:57,966 - [INFO] - from application in play-akka.actor.default-dispatcher-18 
-45

2018-03-08 16:35:16,275 - [INFO] - from play in play-internal-execution-context-1 
database [default] connected at jdbc:postgresql://localhost:5432/gt4w

2018-03-08 16:35:16,400 - [INFO] - from play in play-internal-execution-context-1 
Application started (Dev)

2018-03-08 16:35:38,872 - [INFO] - from application in play-akka.actor.default-dispatcher-29 
Peso

2018-03-08 16:35:38,873 - [INFO] - from application in play-akka.actor.default-dispatcher-29 
-33

2018-03-08 16:35:38,874 - [INFO] - from application in play-akka.actor.default-dispatcher-29 
-33

2018-03-08 16:36:33,369 - [INFO] - from application in play-akka.actor.default-dispatcher-24 
Peso

2018-03-08 16:36:33,370 - [INFO] - from application in play-akka.actor.default-dispatcher-24 
99

2018-03-08 16:36:33,370 - [INFO] - from application in play-akka.actor.default-dispatcher-24 
99

2018-03-08 18:25:12,678 - [INFO] - from play in play-internal-execution-context-1 
database [default] connected at jdbc:postgresql://localhost:5432/gt4w

2018-03-08 18:25:14,462 - [INFO] - from play in play-internal-execution-context-1 
Application started (Dev)

2018-03-08 18:25:14,515 - [INFO] - from application in play-akka.actor.default-dispatcher-36 
Ano

2018-03-08 18:25:14,516 - [INFO] - from application in play-akka.actor.default-dispatcher-36 
0

2018-03-08 18:25:14,516 - [INFO] - from application in play-akka.actor.default-dispatcher-36 
Peso

2018-03-08 18:25:14,516 - [INFO] - from application in play-akka.actor.default-dispatcher-36 
12

2018-03-08 18:25:14,516 - [INFO] - from application in play-akka.actor.default-dispatcher-36 
12

2018-03-08 18:32:22,847 - [INFO] - from play in play-internal-execution-context-1 
database [default] connected at jdbc:postgresql://localhost:5432/gt4w

2018-03-08 18:32:24,876 - [INFO] - from play in play-internal-execution-context-1 
Application started (Dev)

2018-03-08 18:32:41,647 - [INFO] - from application in play-akka.actor.default-dispatcher-42 
Ano

2018-03-08 18:32:41,649 - [INFO] - from application in play-akka.actor.default-dispatcher-42 
0

2018-03-08 18:32:41,650 - [INFO] - from application in play-akka.actor.default-dispatcher-42 
Mes

2018-03-08 18:32:41,650 - [INFO] - from application in play-akka.actor.default-dispatcher-42 
0

2018-03-08 18:32:41,650 - [INFO] - from application in play-akka.actor.default-dispatcher-42 
Dia

2018-03-08 18:32:41,650 - [INFO] - from application in play-akka.actor.default-dispatcher-42 
0

2018-03-08 18:32:41,651 - [INFO] - from application in play-akka.actor.default-dispatcher-42 
Peso

2018-03-08 18:32:41,651 - [INFO] - from application in play-akka.actor.default-dispatcher-42 
12

2018-03-08 18:38:13,683 - [INFO] - from play in play-internal-execution-context-1 
database [default] connected at jdbc:postgresql://localhost:5432/gt4w

2018-03-08 18:38:13,774 - [INFO] - from play in play-internal-execution-context-1 
Application started (Dev)

2018-03-08 18:46:21,654 - [INFO] - from play in play-internal-execution-context-1 
database [default] connected at jdbc:postgresql://localhost:5432/gt4w

2018-03-08 18:46:21,799 - [INFO] - from play in play-internal-execution-context-1 
Application started (Dev)

